GET / Tue, 19 Jun 2018 03:56:48 GMT ::1
GET /layout.css Tue, 19 Jun 2018 03:56:48 GMT ::1
GET /logo.jpg Tue, 19 Jun 2018 03:56:48 GMT ::1
GET /login Tue, 19 Jun 2018 03:56:51 GMT ::1
POST /login Tue, 19 Jun 2018 03:56:57 GMT ::1
GET / Tue, 19 Jun 2018 03:56:57 GMT ::1
GET /layout.css Tue, 19 Jun 2018 03:56:57 GMT ::1
GET /logo.jpg Tue, 19 Jun 2018 03:56:57 GMT ::1
GET /logout Tue, 19 Jun 2018 03:57:03 GMT ::1
GET / Tue, 19 Jun 2018 03:57:03 GMT ::1
GET /layout.css Tue, 19 Jun 2018 03:57:03 GMT ::1
GET /logo.jpg Tue, 19 Jun 2018 03:57:03 GMT ::1
GET /login Tue, 19 Jun 2018 03:57:03 GMT ::1
GET /login Tue, 19 Jun 2018 03:58:08 GMT ::1
GET /login Tue, 19 Jun 2018 03:58:08 GMT ::1
GET /login Tue, 19 Jun 2018 03:58:08 GMT ::1
POST /login Tue, 19 Jun 2018 03:58:12 GMT ::1
GET / Tue, 19 Jun 2018 03:58:12 GMT ::1
GET /logo.jpg Tue, 19 Jun 2018 03:58:12 GMT ::1
GET /layout.css Tue, 19 Jun 2018 03:58:12 GMT ::1
GET /logout Tue, 19 Jun 2018 03:58:13 GMT ::1
GET / Tue, 19 Jun 2018 03:58:13 GMT ::1
GET /layout.css Tue, 19 Jun 2018 03:58:14 GMT ::1
GET /logo.jpg Tue, 19 Jun 2018 03:58:14 GMT ::1
GET /login Tue, 19 Jun 2018 03:58:15 GMT ::1
GET /login Tue, 19 Jun 2018 03:58:38 GMT ::1
GET /login Tue, 19 Jun 2018 03:58:38 GMT ::1
GET /login Tue, 19 Jun 2018 03:58:39 GMT ::1
GET /login Tue, 19 Jun 2018 03:58:39 GMT ::1
GET /login Tue, 19 Jun 2018 03:58:39 GMT ::1
GET /login Tue, 19 Jun 2018 03:58:40 GMT ::1
GET /login Tue, 19 Jun 2018 03:58:40 GMT ::1
GET /login Tue, 19 Jun 2018 03:58:40 GMT ::1
POST /login Tue, 19 Jun 2018 03:58:44 GMT ::1
GET / Tue, 19 Jun 2018 03:58:44 GMT ::1
GET /logo.jpg Tue, 19 Jun 2018 03:58:44 GMT ::1
GET /layout.css Tue, 19 Jun 2018 03:58:44 GMT ::1
GET /logout Tue, 19 Jun 2018 03:58:45 GMT ::1
GET / Tue, 19 Jun 2018 03:58:45 GMT ::1
GET /layout.css Tue, 19 Jun 2018 03:58:45 GMT ::1
GET /logo.jpg Tue, 19 Jun 2018 03:58:45 GMT ::1
GET /login Tue, 19 Jun 2018 03:58:46 GMT ::1
POST /login Tue, 19 Jun 2018 03:59:27 GMT ::1
GET / Tue, 19 Jun 2018 03:59:27 GMT ::1
GET /logo.jpg Tue, 19 Jun 2018 03:59:27 GMT ::1
GET /layout.css Tue, 19 Jun 2018 03:59:27 GMT ::1
GET /board Tue, 19 Jun 2018 03:59:30 GMT ::1
GET / Tue, 19 Jun 2018 03:59:34 GMT ::1
GET /layout.css Tue, 19 Jun 2018 03:59:34 GMT ::1
GET /logo.jpg Tue, 19 Jun 2018 03:59:34 GMT ::1
GET /logout Tue, 19 Jun 2018 03:59:37 GMT ::1
GET / Tue, 19 Jun 2018 03:59:37 GMT ::1
GET /layout.css Tue, 19 Jun 2018 03:59:37 GMT ::1
GET /logo.jpg Tue, 19 Jun 2018 03:59:37 GMT ::1
GET /login Tue, 19 Jun 2018 03:59:38 GMT ::1
